Using pre-set license
Built from '2022.3/staging' branch; Version is '2022.3.15f1 (b58023a2b463) revision 11894819'; Using compiler version '192829333'; Build Type 'Release'
OS: 'Windows 11  (10.0.22631) 64bit CoreSingleLanguage' Language: 'en' Physical Memory: 15789 MB
BatchMode: 1, IsHumanControllingUs: 0, StartBugReporterOnCrash: 0, Is64bit: 1, IsPro: 1

COMMAND LINE ARGUMENTS:
C:\Program Files\Unity\Hub\Editor\2022.3.15f1\Editor\Unity.exe
-adb2
-batchMode
-noUpm
-name
AssetImportWorker1
-projectPath
C:/Users/juann/Documents/Git/DreamOn
-logFile
Logs/AssetImportWorker1.log
-srvPort
52085
Successfully changed project path to: C:/Users/juann/Documents/Git/DreamOn
C:/Users/juann/Documents/Git/DreamOn
[UnityMemory] Configuration Parameters - Can be set up in boot.config
    "memorysetup-bucket-allocator-granularity=16"
    "memorysetup-bucket-allocator-bucket-count=8"
    "memorysetup-bucket-allocator-block-size=33554432"
    "memorysetup-bucket-allocator-block-count=8"
    "memorysetup-main-allocator-block-size=16777216"
    "memorysetup-thread-allocator-block-size=16777216"
    "memorysetup-gfx-main-allocator-block-size=16777216"
    "memorysetup-gfx-thread-allocator-block-size=16777216"
    "memorysetup-cache-allocator-block-size=4194304"
    "memorysetup-typetree-allocator-block-size=2097152"
    "memorysetup-profiler-bucket-allocator-granularity=16"
    "memorysetup-profiler-bucket-allocator-bucket-count=8"
    "memorysetup-profiler-bucket-allocator-block-size=33554432"
    "memorysetup-profiler-bucket-allocator-block-count=8"
    "memorysetup-profiler-allocator-block-size=16777216"
    "memorysetup-profiler-editor-allocator-block-size=1048576"
    "memorysetup-temp-allocator-size-main=16777216"
    "memorysetup-job-temp-allocator-block-size=2097152"
    "memorysetup-job-temp-allocator-block-size-background=1048576"
    "memorysetup-job-temp-allocator-reduction-small-platforms=262144"
    "memorysetup-allocator-temp-initial-block-size-main=262144"
    "memorysetup-allocator-temp-initial-block-size-worker=262144"
    "memorysetup-temp-allocator-size-background-worker=32768"
    "memorysetup-temp-allocator-size-job-worker=262144"
    "memorysetup-temp-allocator-size-preload-manager=33554432"
    "memorysetup-temp-allocator-size-nav-mesh-worker=65536"
    "memorysetup-temp-allocator-size-audio-worker=65536"
    "memorysetup-temp-allocator-size-cloud-worker=32768"
    "memorysetup-temp-allocator-size-gi-baking-worker=262144"
    "memorysetup-temp-allocator-size-gfx=262144"
Player connection [46240] Host "[IP] 192.168.56.1 [Port] 0 [Flags] 2 [Guid] 2060462254 [EditorId] 2060462254 [Version] 1048832 [Id] WindowsEditor(7,GameDev01) [Debug] 1 [PackageName] WindowsEditor [ProjectName] Editor" joined multi-casting on [225.0.0.222:54997]...

Player connection [46240] Host "[IP] 192.168.56.1 [Port] 0 [Flags] 2 [Guid] 2060462254 [EditorId] 2060462254 [Version] 1048832 [Id] WindowsEditor(7,GameDev01) [Debug] 1 [PackageName] WindowsEditor [ProjectName] Editor" joined alternative multi-casting on [225.0.0.222:34997]...

[Physics::Module] Initialized MultithreadedJobDispatcher with 11 workers.
Refreshing native plugins compatible for Editor in 1.55 ms, found 0 plugins.
Preloading 0 native plugins for Editor in 0.00 ms.
Initialize engine version: 2022.3.15f1 (b58023a2b463)
[Subsystems] Discovering subsystems at path C:/Program Files/Unity/Hub/Editor/2022.3.15f1/Editor/Data/Resources/UnitySubsystems
[Subsystems] Discovering subsystems at path C:/Users/juann/Documents/Git/DreamOn/Assets
GfxDevice: creating device client; threaded=0; jobified=0
Direct3D:
    Version:  Direct3D 11.0 [level 11.1]
    Renderer: NVIDIA GeForce GTX 1650 (ID=0x1f9d)
    Vendor:   NVIDIA
    VRAM:     3937 MB
    Driver:   32.0.15.6607
Initialize mono
Mono path[0] = 'C:/Program Files/Unity/Hub/Editor/2022.3.15f1/Editor/Data/Managed'
Mono path[1] = 'C:/Program Files/Unity/Hub/Editor/2022.3.15f1/Editor/Data/MonoBleedingEdge/lib/mono/unityjit-win32'
Mono config path = 'C:/Program Files/Unity/Hub/Editor/2022.3.15f1/Editor/Data/MonoBleedingEdge/etc'
Using monoOptions --debugger-agent=transport=dt_socket,embedding=1,server=y,suspend=n,address=127.0.0.1:56372
Begin MonoManager ReloadAssembly
Registering precompiled unity dll's ...
Register platform support module: C:/Program Files/Unity/Hub/Editor/2022.3.15f1/Editor/Data/PlaybackEngines/MacStandaloneSupport/UnityEditor.OSXStandalone.Extensions.dll
Register platform support module: C:/Program Files/Unity/Hub/Editor/2022.3.15f1/Editor/Data/PlaybackEngines/AndroidPlayer/UnityEditor.Android.Extensions.dll
Register platform support module: C:/Program Files/Unity/Hub/Editor/2022.3.15f1/Editor/Data/PlaybackEngines/WindowsStandaloneSupport/UnityEditor.WindowsStandalone.Extensions.dll
Register platform support module: C:/Program Files/Unity/Hub/Editor/2022.3.15f1/Editor/Data/PlaybackEngines/Switch/UnityEditor.Switch.Extensions.dll
Register platform support module: C:/Program Files/Unity/Hub/Editor/2022.3.15f1/Editor/Data/PlaybackEngines/LinuxStandaloneSupport/UnityEditor.LinuxStandalone.Extensions.dll
Register platform support module: C:/Program Files/Unity/Hub/Editor/2022.3.15f1/Editor/Data/PlaybackEngines/MetroSupport/UnityEditor.UWP.Extensions.dll
Registered in 0.021803 seconds.
- Loaded All Assemblies, in  0.577 seconds
Native extension for UWP target not found
Native extension for LinuxStandalone target not found
Native extension for WindowsStandalone target not found
Native extension for Android target not found
Android Extension - Scanning For ADB Devices 769 ms
Native extension for OSXStandalone target not found
Mono: successfully reloaded assembly
- Finished resetting the current domain, in  1.303 seconds
Domain Reload Profiling: 1878ms
	BeginReloadAssembly (176ms)
		ExecutionOrderSort (0ms)
		DisableScriptedObjects (0ms)
		BackupInstance (0ms)
		ReleaseScriptingObjects (0ms)
		CreateAndSetChildDomain (2ms)
	RebuildCommonClasses (46ms)
	RebuildNativeTypeToScriptingClass (15ms)
	initialDomainReloadingComplete (93ms)
	LoadAllAssembliesAndSetupDomain (243ms)
		LoadAssemblies (173ms)
		RebuildTransferFunctionScriptingTraits (0ms)
		AnalyzeDomain (238ms)
			TypeCache.Refresh (237ms)
				TypeCache.ScanAssembly (220ms)
			ScanForSourceGeneratedMonoScriptInfo (0ms)
			ResolveRequiredComponents (0ms)
	FinalizeReload (1304ms)
		ReleaseScriptCaches (0ms)
		RebuildScriptCaches (0ms)
		SetupLoadedEditorAssemblies (1216ms)
			LogAssemblyErrors (0ms)
			InitializePlatformSupportModulesInManaged (957ms)
			SetLoadedEditorAssemblies (8ms)
			RefreshPlugins (0ms)
			BeforeProcessingInitializeOnLoad (3ms)
			ProcessInitializeOnLoadAttributes (174ms)
			ProcessInitializeOnLoadMethodAttributes (74ms)
			AfterProcessingInitializeOnLoad (0ms)
			EditorAssembliesLoaded (0ms)
		ExecutionOrderSort2 (0ms)
		AwakeInstancesAfterBackupRestoration (0ms)
========================================================================
Worker process is ready to serve import requests
Begin MonoManager ReloadAssembly
- Loaded All Assemblies, in  0.562 seconds
Refreshing native plugins compatible for Editor in 0.74 ms, found 0 plugins.
Native extension for UWP target not found
Native extension for LinuxStandalone target not found
Native extension for WindowsStandalone target not found
Native extension for Android target not found
Native extension for OSXStandalone target not found
Mono: successfully reloaded assembly
- Finished resetting the current domain, in  0.813 seconds
Domain Reload Profiling: 1372ms
	BeginReloadAssembly (231ms)
		ExecutionOrderSort (0ms)
		DisableScriptedObjects (7ms)
		BackupInstance (0ms)
		ReleaseScriptingObjects (0ms)
		CreateAndSetChildDomain (41ms)
	RebuildCommonClasses (44ms)
	RebuildNativeTypeToScriptingClass (12ms)
	initialDomainReloadingComplete (58ms)
	LoadAllAssembliesAndSetupDomain (212ms)
		LoadAssemblies (301ms)
		RebuildTransferFunctionScriptingTraits (0ms)
		AnalyzeDomain (47ms)
			TypeCache.Refresh (35ms)
				TypeCache.ScanAssembly (25ms)
			ScanForSourceGeneratedMonoScriptInfo (9ms)
			ResolveRequiredComponents (3ms)
	FinalizeReload (814ms)
		ReleaseScriptCaches (0ms)
		RebuildScriptCaches (0ms)
		SetupLoadedEditorAssemblies (615ms)
			LogAssemblyErrors (0ms)
			InitializePlatformSupportModulesInManaged (109ms)
			SetLoadedEditorAssemblies (8ms)
			RefreshPlugins (0ms)
			BeforeProcessingInitializeOnLoad (89ms)
			ProcessInitializeOnLoadAttributes (366ms)
			ProcessInitializeOnLoadMethodAttributes (32ms)
			AfterProcessingInitializeOnLoad (11ms)
			EditorAssembliesLoaded (0ms)
		ExecutionOrderSort2 (0ms)
		AwakeInstancesAfterBackupRestoration (8ms)
Launched and connected shader compiler UnityShaderCompiler.exe after 0.14 seconds
Refreshing native plugins compatible for Editor in 0.87 ms, found 0 plugins.
Preloading 0 native plugins for Editor in 0.00 ms.
Unloading 449 Unused Serialized files (Serialized files now loaded: 0)
Unloading 9 unused Assets / (49.8 KB). Loaded Objects now: 926.
Memory consumption went from 69.4 MB to 69.3 MB.
Total: 10.180100 ms (FindLiveObjects: 0.158800 ms CreateObjectMapping: 0.021300 ms MarkObjects: 7.560600 ms  DeleteObjects: 2.437300 ms)

AssetImportParameters requested are different than current active one (requested -> active):
  custom:video-encoder-webm-vp8: eb34c28f22e8b96e1ab97ce403110664 -> 
  custom:video-decoder-webm-vp8: 9c59270c3fd7afecdb556c50c9e8de78 -> 
  custom:audio-decoder-ogg-vorbis: bf7c407c2cedff20999df2af8eb42d56 -> 
  custom:video-decoder-ogg-theora: a1e56fd34408186e4bbccfd4996cb3dc -> 
  custom:audio-encoder-webm-vorbis: bf7c407c2cedff20999df2af8eb42d56 -> 
  custom:SearchIndexIgnoredProperties: e643bd26f0fe6173181afceb89e7c659 -> 
  custom:container-demuxer-ogg: 62fdf1f143b41e24485cea50d1cbac27 -> 
  custom:AudioImporter_EditorPlatform: d09bf68614088b80899f8185d706f6e7 -> 
  custom:CustomObjectIndexerAttribute: 43b350a4d6e6d1791af0b5038c4bea17 -> 
  custom:framework-win-MediaFoundation: 216162199b28c13a410421893ffa2e32 -> 
  custom:container-demuxer-webm: 4f35f7cbe854078d1ac9338744f61a02 -> 
  custom:container-muxer-webm: aa71ff27fc2769a1b78a27578f13a17b -> 
  custom:video-codec-MediaFoundation-h265: 746d11721c4dcdbdad8f713fa42b33f4 -> 
========================================================================
Received Import Request.
  Time since last request: 1284699.375399 seconds.
  path: Assets/Animations/idle_custom.anim
  artifactKey: Guid(9c1714fa36b6f7e4997108ee61e0f320) Importer(2089858483,0ecaa5967403d082aa24f35e1b516d23)
Start importing Assets/Animations/idle_custom.anim using Guid(9c1714fa36b6f7e4997108ee61e0f320) Importer(2089858483,0ecaa5967403d082aa24f35e1b516d23) Generated GUIDs only implemented for interfaces!
 -> (artifact id: 'ad02dbb043704027cbe024b5026fec8d') in 0.164580 seconds
Number of updated asset objects reloaded before import = 0
Number of asset objects unloaded after import = 1
========================================================================
Received Import Request.
  Time since last request: 0.000023 seconds.
  path: Assets/Textures/dialogue_system_textbox.png
  artifactKey: Guid(a502599883cb1492c915b48e845fd7a3) Importer(2089858483,0ecaa5967403d082aa24f35e1b516d23)
Start importing Assets/Textures/dialogue_system_textbox.png using Guid(a502599883cb1492c915b48e845fd7a3) Importer(2089858483,0ecaa5967403d082aa24f35e1b516d23) Generated GUIDs only implemented for interfaces!
 -> (artifact id: '58b5e7a7d6efaaf0b3937ac354f338f9') in 0.130786 seconds
Number of updated asset objects reloaded before import = 0
Number of asset objects unloaded after import = 1
========================================================================
Received Import Request.
  Time since last request: 0.000034 seconds.
  path: Assets/Textures/dialogue_system_arrow_icon.png
  artifactKey: Guid(56d8a14d3a936436fb7a78132ef6f03b) Importer(2089858483,0ecaa5967403d082aa24f35e1b516d23)
Start importing Assets/Textures/dialogue_system_arrow_icon.png using Guid(56d8a14d3a936436fb7a78132ef6f03b) Importer(2089858483,0ecaa5967403d082aa24f35e1b516d23) Generated GUIDs only implemented for interfaces!
 -> (artifact id: 'f2d836c502dcf89a3d17119dec4ce001') in 0.052107 seconds
Number of updated asset objects reloaded before import = 0
Number of asset objects unloaded after import = 1
========================================================================
Received Import Request.
  Time since last request: 0.000029 seconds.
  path: Assets/Models/PlatformerModels/level03.fbx
  artifactKey: Guid(68d6332400b1f46be8e5292b23765b17) Importer(2089858483,0ecaa5967403d082aa24f35e1b516d23)
Start importing Assets/Models/PlatformerModels/level03.fbx using Guid(68d6332400b1f46be8e5292b23765b17) Importer(2089858483,0ecaa5967403d082aa24f35e1b516d23) Generated GUIDs only implemented for interfaces!
 -> (artifact id: 'f5cc6c71a1eabf98f1843ad891618469') in 0.102082 seconds
Number of updated asset objects reloaded before import = 0
Number of asset objects unloaded after import = 8
========================================================================
Received Import Request.
  Time since last request: 0.000035 seconds.
  path: Assets/Models/hero@glide.fbx
  artifactKey: Guid(a8606fd698f0f4f748766e9b69fec39e) Importer(2089858483,0ecaa5967403d082aa24f35e1b516d23)
Start importing Assets/Models/hero@glide.fbx using Guid(a8606fd698f0f4f748766e9b69fec39e) Importer(2089858483,0ecaa5967403d082aa24f35e1b516d23) Generated GUIDs only implemented for interfaces!
 -> (artifact id: '2aab5a360a49659dfaa0334374303206') in 0.071161 seconds
Number of updated asset objects reloaded before import = 0
Number of asset objects unloaded after import = 112
========================================================================
Received Import Request.
  Time since last request: 0.000038 seconds.
  path: Assets/Models/hero.fbx
  artifactKey: Guid(82fb450b2e52342c0a292fc6c429f5ea) Importer(2089858483,0ecaa5967403d082aa24f35e1b516d23)
Start importing Assets/Models/hero.fbx using Guid(82fb450b2e52342c0a292fc6c429f5ea) Importer(2089858483,0ecaa5967403d082aa24f35e1b516d23) Generated GUIDs only implemented for interfaces!
 -> (artifact id: '673d8be7654987c89d66eb98b79e2c25') in 0.057270 seconds
Number of updated asset objects reloaded before import = 0
Number of asset objects unloaded after import = 112
========================================================================
Received Import Request.
  Time since last request: 0.000036 seconds.
  path: Assets/Models/PlatformerModels/level02.fbx
  artifactKey: Guid(40c8a83c5725d4d60a4669cdab25f935) Importer(2089858483,0ecaa5967403d082aa24f35e1b516d23)
Start importing Assets/Models/PlatformerModels/level02.fbx using Guid(40c8a83c5725d4d60a4669cdab25f935) Importer(2089858483,0ecaa5967403d082aa24f35e1b516d23) Generated GUIDs only implemented for interfaces!
 -> (artifact id: 'c220a754d0798105399130f97338469f') in 0.051265 seconds
Number of updated asset objects reloaded before import = 0
Number of asset objects unloaded after import = 8
========================================================================
Received Import Request.
  Time since last request: 0.000394 seconds.
  path: Assets/Scenes/Procedural01Settings.lighting
  artifactKey: Guid(8d4253bf250fa8f4f95b5e9bb0c67a9e) Importer(2089858483,0ecaa5967403d082aa24f35e1b516d23)
Start importing Assets/Scenes/Procedural01Settings.lighting using Guid(8d4253bf250fa8f4f95b5e9bb0c67a9e) Importer(2089858483,0ecaa5967403d082aa24f35e1b516d23) LightingSettings: switching bake backend from 1 to 0.
Generated GUIDs only implemented for interfaces!
 -> (artifact id: '2e6c0bdaaad7631652f63f8554b39eda') in 0.048291 seconds
Number of updated asset objects reloaded before import = 0
Number of asset objects unloaded after import = 1
========================================================================
Received Import Request.
  Time since last request: 0.000077 seconds.
  path: Assets/Models/Materials/lambert1.mat
  artifactKey: Guid(7d31818cd47da4e1e9069463944c05c1) Importer(2089858483,0ecaa5967403d082aa24f35e1b516d23)
Start importing Assets/Models/Materials/lambert1.mat using Guid(7d31818cd47da4e1e9069463944c05c1) Importer(2089858483,0ecaa5967403d082aa24f35e1b516d23) Generated GUIDs only implemented for interfaces!
 -> (artifact id: '8bd6f1e9a26a93474d7307e6e2071a2b') in 0.082810 seconds
Number of updated asset objects reloaded before import = 0
Number of asset objects unloaded after import = 1
========================================================================
Received Import Request.
  Time since last request: 0.000940 seconds.
  path: Assets/Models/hero@jump.fbx
  artifactKey: Guid(1f1fcc3bd3dd04c6393d4fb0429da6a0) Importer(2089858483,0ecaa5967403d082aa24f35e1b516d23)
Start importing Assets/Models/hero@jump.fbx using Guid(1f1fcc3bd3dd04c6393d4fb0429da6a0) Importer(2089858483,0ecaa5967403d082aa24f35e1b516d23) Generated GUIDs only implemented for interfaces!
 -> (artifact id: '405384af69e83abfbba98a2ab6f4092d') in 0.059948 seconds
Number of updated asset objects reloaded before import = 0
Number of asset objects unloaded after import = 112
========================================================================
Received Import Request.
  Time since last request: 0.000024 seconds.
  path: Assets/Models/Procedural/L15.fbx
  artifactKey: Guid(f41eb225a3af3411286a2af82ff1cd2f) Importer(2089858483,0ecaa5967403d082aa24f35e1b516d23)
Start importing Assets/Models/Procedural/L15.fbx using Guid(f41eb225a3af3411286a2af82ff1cd2f) Importer(2089858483,0ecaa5967403d082aa24f35e1b516d23) Generated GUIDs only implemented for interfaces!
 -> (artifact id: 'f20d492ea2cf7980b4aea0e852a803f2') in 0.055758 seconds
Number of updated asset objects reloaded before import = 0
Number of asset objects unloaded after import = 9
========================================================================
Received Import Request.
  Time since last request: 0.000041 seconds.
  path: Assets/Models/Procedural/L02.fbx
  artifactKey: Guid(676a3ab8070c747e5965db8e1dcf366f) Importer(2089858483,0ecaa5967403d082aa24f35e1b516d23)
Start importing Assets/Models/Procedural/L02.fbx using Guid(676a3ab8070c747e5965db8e1dcf366f) Importer(2089858483,0ecaa5967403d082aa24f35e1b516d23) Generated GUIDs only implemented for interfaces!
 -> (artifact id: 'd585c17a1c83794d1e547f03f6972ebb') in 0.055960 seconds
Number of updated asset objects reloaded before import = 0
Number of asset objects unloaded after import = 9
========================================================================
Received Import Request.
  Time since last request: 0.000029 seconds.
  path: Assets/Models/hero@run_cycle.fbx
  artifactKey: Guid(d1ecfc6093273481c88edc8b2eae0757) Importer(2089858483,0ecaa5967403d082aa24f35e1b516d23)
Start importing Assets/Models/hero@run_cycle.fbx using Guid(d1ecfc6093273481c88edc8b2eae0757) Importer(2089858483,0ecaa5967403d082aa24f35e1b516d23) Generated GUIDs only implemented for interfaces!
 -> (artifact id: '6a7ae9aa063df662e8a7763b17b44a98') in 0.061288 seconds
Number of updated asset objects reloaded before import = 0
Number of asset objects unloaded after import = 112
========================================================================
Received Import Request.
  Time since last request: 0.000018 seconds.
  path: Assets/Scripts/FeedbackLabel.cs
  artifactKey: Guid(c7e034f7e534b4cc99e2229ac98ea52b) Importer(2089858483,0ecaa5967403d082aa24f35e1b516d23)
Start importing Assets/Scripts/FeedbackLabel.cs using Guid(c7e034f7e534b4cc99e2229ac98ea52b) Importer(2089858483,0ecaa5967403d082aa24f35e1b516d23) Generated GUIDs only implemented for interfaces!
 -> (artifact id: '75be8173baf8d46fda930c64469b3eab') in 0.021671 seconds
Number of updated asset objects reloaded before import = 0
Number of asset objects unloaded after import = 1
========================================================================
Received Import Request.
  Time since last request: 0.000027 seconds.
  path: Assets/Scripts/General.cs
  artifactKey: Guid(0b89f7eaf3d934c11965bd4567ebc555) Importer(2089858483,0ecaa5967403d082aa24f35e1b516d23)
Start importing Assets/Scripts/General.cs using Guid(0b89f7eaf3d934c11965bd4567ebc555) Importer(2089858483,0ecaa5967403d082aa24f35e1b516d23) Generated GUIDs only implemented for interfaces!
 -> (artifact id: 'c0d690f774fabb00ca0e98cb7b935d0a') in 0.024783 seconds
Number of updated asset objects reloaded before import = 0
Number of asset objects unloaded after import = 1
========================================================================
Received Import Request.
  Time since last request: 0.000027 seconds.
  path: Assets/Models/hero@wallkick.fbx
  artifactKey: Guid(d34dc44082fb149828cda0cbdf74c563) Importer(2089858483,0ecaa5967403d082aa24f35e1b516d23)
Start importing Assets/Models/hero@wallkick.fbx using Guid(d34dc44082fb149828cda0cbdf74c563) Importer(2089858483,0ecaa5967403d082aa24f35e1b516d23) Generated GUIDs only implemented for interfaces!
 -> (artifact id: '7a2994e3d8fed2a362d4fa291f2cce66') in 0.054496 seconds
Number of updated asset objects reloaded before import = 0
Number of asset objects unloaded after import = 112
========================================================================
Received Import Request.
  Time since last request: 0.000033 seconds.
  path: Assets/Textures/skip 1.png
  artifactKey: Guid(0f92fd63bedcdf540adefe1b73ade1d9) Importer(2089858483,0ecaa5967403d082aa24f35e1b516d23)
Start importing Assets/Textures/skip 1.png using Guid(0f92fd63bedcdf540adefe1b73ade1d9) Importer(2089858483,0ecaa5967403d082aa24f35e1b516d23) Generated GUIDs only implemented for interfaces!
 -> (artifact id: 'ece5803ad08c3baf3df8e8b85832e860') in 0.058315 seconds
Number of updated asset objects reloaded before import = 0
Number of asset objects unloaded after import = 1
========================================================================
Received Import Request.
  Time since last request: 0.000093 seconds.
  path: Assets/Prefabs/GameControl.prefab
  artifactKey: Guid(1e90aa1c9eaf64699a826aaf6303d4e4) Importer(2089858483,0ecaa5967403d082aa24f35e1b516d23)
Start importing Assets/Prefabs/GameControl.prefab using Guid(1e90aa1c9eaf64699a826aaf6303d4e4) Importer(2089858483,0ecaa5967403d082aa24f35e1b516d23) Generated GUIDs only implemented for interfaces!
 -> (artifact id: 'a3484067e93b169e3ff0f52458f0c839') in 0.072081 seconds
Number of updated asset objects reloaded before import = 0
Number of asset objects unloaded after import = 17
========================================================================
Received Import Request.
  Time since last request: 0.000025 seconds.
  path: Assets/LitJson/Lexer.cs
  artifactKey: Guid(2340cebac4647bc44a80cbb3f6a055b5) Importer(2089858483,0ecaa5967403d082aa24f35e1b516d23)
Start importing Assets/LitJson/Lexer.cs using Guid(2340cebac4647bc44a80cbb3f6a055b5) Importer(2089858483,0ecaa5967403d082aa24f35e1b516d23) Generated GUIDs only implemented for interfaces!
 -> (artifact id: '3082d89325b2185c8de18f831a658cf7') in 0.020938 seconds
Number of updated asset objects reloaded before import = 0
Number of asset objects unloaded after import = 1
========================================================================
Received Import Request.
  Time since last request: 0.000105 seconds.
  path: Assets/Models/PlatformerModels/level05.fbx
  artifactKey: Guid(329251438404d49ea9496cd6de066190) Importer(2089858483,0ecaa5967403d082aa24f35e1b516d23)
Start importing Assets/Models/PlatformerModels/level05.fbx using Guid(329251438404d49ea9496cd6de066190) Importer(2089858483,0ecaa5967403d082aa24f35e1b516d23) Generated GUIDs only implemented for interfaces!
 -> (artifact id: 'fecc770c9e8173a819a7fd5c69bc0a7f') in 0.051816 seconds
Number of updated asset objects reloaded before import = 0
Number of asset objects unloaded after import = 8
========================================================================
Received Import Request.
  Time since last request: 0.000026 seconds.
  path: Assets/Models/Procedural/L22.fbx
  artifactKey: Guid(83f23b595c5994f0cbdd12e874c7af28) Importer(2089858483,0ecaa5967403d082aa24f35e1b516d23)
Start importing Assets/Models/Procedural/L22.fbx using Guid(83f23b595c5994f0cbdd12e874c7af28) Importer(2089858483,0ecaa5967403d082aa24f35e1b516d23) Generated GUIDs only implemented for interfaces!
 -> (artifact id: '39b654397459a23bde71b8aa8c7bf982') in 0.051357 seconds
Number of updated asset objects reloaded before import = 0
Number of asset objects unloaded after import = 9
========================================================================
Received Import Request.
  Time since last request: 0.000045 seconds.
  path: Assets/Models/Procedural/L28.fbx
  artifactKey: Guid(7f05f5503d3724f6f9775f5bcf2dc300) Importer(2089858483,0ecaa5967403d082aa24f35e1b516d23)
Start importing Assets/Models/Procedural/L28.fbx using Guid(7f05f5503d3724f6f9775f5bcf2dc300) Importer(2089858483,0ecaa5967403d082aa24f35e1b516d23) Generated GUIDs only implemented for interfaces!
 -> (artifact id: '6edb273871feb09b7481c13c686bfe8f') in 0.049911 seconds
Number of updated asset objects reloaded before import = 0
Number of asset objects unloaded after import = 9
========================================================================
Received Import Request.
  Time since last request: 0.000019 seconds.
  path: Assets/Scripts/Controllers/SkyScrolling.cs
  artifactKey: Guid(cdd71d6aed621664f91782151e4d8910) Importer(2089858483,0ecaa5967403d082aa24f35e1b516d23)
Start importing Assets/Scripts/Controllers/SkyScrolling.cs using Guid(cdd71d6aed621664f91782151e4d8910) Importer(2089858483,0ecaa5967403d082aa24f35e1b516d23) Generated GUIDs only implemented for interfaces!
 -> (artifact id: '74db84e786eb4cb00425ea55055e442d') in 0.025807 seconds
Number of updated asset objects reloaded before import = 0
Number of asset objects unloaded after import = 1
========================================================================
Received Import Request.
  Time since last request: 0.000066 seconds.
  path: Assets/Models/Procedural/L20.fbx
  artifactKey: Guid(8e729bb079fcf49a895637fc763b9dff) Importer(2089858483,0ecaa5967403d082aa24f35e1b516d23)
Start importing Assets/Models/Procedural/L20.fbx using Guid(8e729bb079fcf49a895637fc763b9dff) Importer(2089858483,0ecaa5967403d082aa24f35e1b516d23) Generated GUIDs only implemented for interfaces!
 -> (artifact id: 'ca4d7bdf4099f769feaafdf6ae431418') in 0.052724 seconds
Number of updated asset objects reloaded before import = 0
Number of asset objects unloaded after import = 9
========================================================================
Received Import Request.
  Time since last request: 0.000026 seconds.
  path: Assets/Models/Procedural/L08.fbx
  artifactKey: Guid(b4cefbb091ec74bf9a588713d69cb153) Importer(2089858483,0ecaa5967403d082aa24f35e1b516d23)
Start importing Assets/Models/Procedural/L08.fbx using Guid(b4cefbb091ec74bf9a588713d69cb153) Importer(2089858483,0ecaa5967403d082aa24f35e1b516d23) Generated GUIDs only implemented for interfaces!
 -> (artifact id: '121951816221817ff4f099fbbaa8ef03') in 0.063690 seconds
Number of updated asset objects reloaded before import = 0
Number of asset objects unloaded after import = 9
========================================================================
Received Import Request.
  Time since last request: 0.000032 seconds.
  path: Assets/LitJson/IJsonWrapper.cs
  artifactKey: Guid(811bee9f794d54249aa7f92af7e69264) Importer(2089858483,0ecaa5967403d082aa24f35e1b516d23)
Start importing Assets/LitJson/IJsonWrapper.cs using Guid(811bee9f794d54249aa7f92af7e69264) Importer(2089858483,0ecaa5967403d082aa24f35e1b516d23) Generated GUIDs only implemented for interfaces!
 -> (artifact id: '1ebc1fa74c736ad2855dfe1e289a20b3') in 0.025720 seconds
Number of updated asset objects reloaded before import = 0
Number of asset objects unloaded after import = 1
========================================================================
Received Import Request.
  Time since last request: 0.000024 seconds.
  path: Assets/Prefabs/platformerSystem.prefab
  artifactKey: Guid(e50b3b95e3d5842babbbe46dd692e693) Importer(2089858483,0ecaa5967403d082aa24f35e1b516d23)
Start importing Assets/Prefabs/platformerSystem.prefab using Guid(e50b3b95e3d5842babbbe46dd692e693) Importer(2089858483,0ecaa5967403d082aa24f35e1b516d23) Generated GUIDs only implemented for interfaces!
 -> (artifact id: '26486fc8119d02fbc45eb0dd8982dc97') in 0.038085 seconds
Number of updated asset objects reloaded before import = 0
Number of asset objects unloaded after import = 170
========================================================================
Received Import Request.
  Time since last request: 0.000041 seconds.
  path: Assets/Models/PlatformerModels/level09.fbx
  artifactKey: Guid(b65cd686c9f844a3fb9b89cc0480e3a8) Importer(2089858483,0ecaa5967403d082aa24f35e1b516d23)
Start importing Assets/Models/PlatformerModels/level09.fbx using Guid(b65cd686c9f844a3fb9b89cc0480e3a8) Importer(2089858483,0ecaa5967403d082aa24f35e1b516d23) Generated GUIDs only implemented for interfaces!
 -> (artifact id: 'a57b227eff3ca52211db26fa46aa8b61') in 0.054901 seconds
Number of updated asset objects reloaded before import = 0
Number of asset objects unloaded after import = 8
========================================================================
Received Import Request.
  Time since last request: 0.000036 seconds.
  path: Assets/Textures/quetza_portrait 1.png
  artifactKey: Guid(728676c9f9b824c1b85765acdaac591d) Importer(2089858483,0ecaa5967403d082aa24f35e1b516d23)
Start importing Assets/Textures/quetza_portrait 1.png using Guid(728676c9f9b824c1b85765acdaac591d) Importer(2089858483,0ecaa5967403d082aa24f35e1b516d23) Generated GUIDs only implemented for interfaces!
 -> (artifact id: '0ffdf37151723429aa15cdb47aee6a57') in 0.059425 seconds
Number of updated asset objects reloaded before import = 0
Number of asset objects unloaded after import = 1
========================================================================
Received Import Request.
  Time since last request: 0.000144 seconds.
  path: Assets/Textures/portrait_HERO.png
  artifactKey: Guid(643a2dfad655d4a4e868ab2f0518f8f7) Importer(2089858483,0ecaa5967403d082aa24f35e1b516d23)
Start importing Assets/Textures/portrait_HERO.png using Guid(643a2dfad655d4a4e868ab2f0518f8f7) Importer(2089858483,0ecaa5967403d082aa24f35e1b516d23) Generated GUIDs only implemented for interfaces!
 -> (artifact id: 'c604b27d3f1dc7a84836a1946cd27754') in 0.054140 seconds
Number of updated asset objects reloaded before import = 0
Number of asset objects unloaded after import = 1
========================================================================
Received Import Request.
  Time since last request: 0.000057 seconds.
  path: Assets/Scripts/Game/platformerControl.cs
  artifactKey: Guid(d09957fda26a648f49e0ac972f6253fa) Importer(2089858483,0ecaa5967403d082aa24f35e1b516d23)
Start importing Assets/Scripts/Game/platformerControl.cs using Guid(d09957fda26a648f49e0ac972f6253fa) Importer(2089858483,0ecaa5967403d082aa24f35e1b516d23) Generated GUIDs only implemented for interfaces!
 -> (artifact id: '84db49d29c9f373021e6cc4fbd68f429') in 0.019392 seconds
Number of updated asset objects reloaded before import = 0
Number of asset objects unloaded after import = 1
========================================================================
Received Import Request.
  Time since last request: 0.000078 seconds.
  path: Assets/Scripts/Level/PlatformerLevelController.cs
  artifactKey: Guid(b3cd1161941db70428f63d5ff8c4b64b) Importer(2089858483,0ecaa5967403d082aa24f35e1b516d23)
Start importing Assets/Scripts/Level/PlatformerLevelController.cs using Guid(b3cd1161941db70428f63d5ff8c4b64b) Importer(2089858483,0ecaa5967403d082aa24f35e1b516d23) Generated GUIDs only implemented for interfaces!
 -> (artifact id: '2ccf76d56d64c583f79a04432374c2a2') in 0.029154 seconds
Number of updated asset objects reloaded before import = 0
Number of asset objects unloaded after import = 1
========================================================================
Received Import Request.
  Time since last request: 0.000032 seconds.
  path: Assets/Scripts/Platformer/eventHandlerWinLevel.cs
  artifactKey: Guid(e8b6982ce6add44c69c9b7b927c06e6d) Importer(2089858483,0ecaa5967403d082aa24f35e1b516d23)
Start importing Assets/Scripts/Platformer/eventHandlerWinLevel.cs using Guid(e8b6982ce6add44c69c9b7b927c06e6d) Importer(2089858483,0ecaa5967403d082aa24f35e1b516d23) Generated GUIDs only implemented for interfaces!
 -> (artifact id: '0a923af3149aa5563c1cb6360a702047') in 0.022334 seconds
Number of updated asset objects reloaded before import = 0
Number of asset objects unloaded after import = 1
========================================================================
Received Import Request.
  Time since last request: 0.000027 seconds.
  path: Assets/Scripts/Gestures/TapDetector.cs
  artifactKey: Guid(83e308dccfc7b864bb588b7090a90358) Importer(2089858483,0ecaa5967403d082aa24f35e1b516d23)
Start importing Assets/Scripts/Gestures/TapDetector.cs using Guid(83e308dccfc7b864bb588b7090a90358) Importer(2089858483,0ecaa5967403d082aa24f35e1b516d23) Generated GUIDs only implemented for interfaces!
 -> (artifact id: '59c6b5c3207a160aa325e1db264d57f5') in 0.021491 seconds
Number of updated asset objects reloaded before import = 0
Number of asset objects unloaded after import = 1
========================================================================
Received Import Request.
  Time since last request: 0.000048 seconds.
  path: Assets/Scripts/Game/CharacterStats.cs
  artifactKey: Guid(07a71059683752b458d8298f076240c8) Importer(2089858483,0ecaa5967403d082aa24f35e1b516d23)
Start importing Assets/Scripts/Game/CharacterStats.cs using Guid(07a71059683752b458d8298f076240c8) Importer(2089858483,0ecaa5967403d082aa24f35e1b516d23) Generated GUIDs only implemented for interfaces!
 -> (artifact id: '99cb9529a8e828520e37e23c3dcf9312') in 0.022997 seconds
Number of updated asset objects reloaded before import = 0
Number of asset objects unloaded after import = 1
========================================================================
Received Import Request.
  Time since last request: 0.000231 seconds.
  path: Assets/Scripts/GUI/ProfileSelector.cs
  artifactKey: Guid(99ee51b6affd4ca4b98c1540f655a20f) Importer(2089858483,0ecaa5967403d082aa24f35e1b516d23)
Start importing Assets/Scripts/GUI/ProfileSelector.cs using Guid(99ee51b6affd4ca4b98c1540f655a20f) Importer(2089858483,0ecaa5967403d082aa24f35e1b516d23) Generated GUIDs only implemented for interfaces!
 -> (artifact id: 'a00eeb70384e1fd91355478aaf224182') in 0.020960 seconds
Number of updated asset objects reloaded before import = 0
Number of asset objects unloaded after import = 1
========================================================================
Received Import Request.
  Time since last request: 0.000028 seconds.
  path: Assets/Scripts/Platformer/CopyPosition.cs
  artifactKey: Guid(be586deaefbf945008c36ddc9395fa3e) Importer(2089858483,0ecaa5967403d082aa24f35e1b516d23)
Start importing Assets/Scripts/Platformer/CopyPosition.cs using Guid(be586deaefbf945008c36ddc9395fa3e) Importer(2089858483,0ecaa5967403d082aa24f35e1b516d23) Generated GUIDs only implemented for interfaces!
 -> (artifact id: '25f639c695eceb67ad072eef19baa252') in 0.018312 seconds
Number of updated asset objects reloaded before import = 0
Number of asset objects unloaded after import = 1
========================================================================
Received Import Request.
  Time since last request: 0.000040 seconds.
  path: Assets/Scripts/Level/CollisionSceneLoader.cs
  artifactKey: Guid(d94586c502960804583fa120a4e6a20f) Importer(2089858483,0ecaa5967403d082aa24f35e1b516d23)
Start importing Assets/Scripts/Level/CollisionSceneLoader.cs using Guid(d94586c502960804583fa120a4e6a20f) Importer(2089858483,0ecaa5967403d082aa24f35e1b516d23) Generated GUIDs only implemented for interfaces!
 -> (artifact id: '81adf4adf885a4322f704f0d2d51f42a') in 0.020289 seconds
Number of updated asset objects reloaded before import = 0
Number of asset objects unloaded after import = 1
========================================================================
Received Import Request.
  Time since last request: 0.000057 seconds.
  path: Assets/Models/PlatformerModels/Level15.fbx
  artifactKey: Guid(1e8625aa594fe41cdb589bcebb559d67) Importer(2089858483,0ecaa5967403d082aa24f35e1b516d23)
Start importing Assets/Models/PlatformerModels/Level15.fbx using Guid(1e8625aa594fe41cdb589bcebb559d67) Importer(2089858483,0ecaa5967403d082aa24f35e1b516d23) Generated GUIDs only implemented for interfaces!
 -> (artifact id: 'cb400c87c3b1d9070fdaeff50fd8b200') in 0.068546 seconds
Number of updated asset objects reloaded before import = 0
Number of asset objects unloaded after import = 30
========================================================================
Received Import Request.
  Time since last request: 0.000032 seconds.
  path: Assets/Animations/jump_custom.anim
  artifactKey: Guid(52b631d43382d5349a8a32025f963e45) Importer(2089858483,0ecaa5967403d082aa24f35e1b516d23)
Start importing Assets/Animations/jump_custom.anim using Guid(52b631d43382d5349a8a32025f963e45) Importer(2089858483,0ecaa5967403d082aa24f35e1b516d23) Generated GUIDs only implemented for interfaces!
 -> (artifact id: 'f9f69b32b17efffc781e0dcea8376ca0') in 0.038032 seconds
Number of updated asset objects reloaded before import = 0
Number of asset objects unloaded after import = 1
========================================================================
Received Import Request.
  Time since last request: 0.000022 seconds.
  path: Assets/Textures/portrait_ANDY.png
  artifactKey: Guid(5923990a2b8f8064ea93dcfae09a1973) Importer(2089858483,0ecaa5967403d082aa24f35e1b516d23)
Start importing Assets/Textures/portrait_ANDY.png using Guid(5923990a2b8f8064ea93dcfae09a1973) Importer(2089858483,0ecaa5967403d082aa24f35e1b516d23) Generated GUIDs only implemented for interfaces!
 -> (artifact id: '7c468eec01a17cb6f1ece493b3728ada') in 0.060804 seconds
Number of updated asset objects reloaded before import = 0
Number of asset objects unloaded after import = 1
========================================================================
Received Import Request.
  Time since last request: 0.000053 seconds.
  path: Assets/Models/Procedural/mable_mosaic-checker_box_pattern.jpg
  artifactKey: Guid(ba8df53577d6e4b528fdf0c92b202782) Importer(2089858483,0ecaa5967403d082aa24f35e1b516d23)
Start importing Assets/Models/Procedural/mable_mosaic-checker_box_pattern.jpg using Guid(ba8df53577d6e4b528fdf0c92b202782) Importer(2089858483,0ecaa5967403d082aa24f35e1b516d23) Generated GUIDs only implemented for interfaces!
 -> (artifact id: 'f97545bd117d9db69d7ddaa74cbbce2c') in 0.053358 seconds
Number of updated asset objects reloaded before import = 0
Number of asset objects unloaded after import = 1
========================================================================
Received Import Request.
  Time since last request: 0.000027 seconds.
  path: Assets/LitJson/license.txt
  artifactKey: Guid(995db70d801e21c4a94f181c2ab3a74f) Importer(2089858483,0ecaa5967403d082aa24f35e1b516d23)
Start importing Assets/LitJson/license.txt using Guid(995db70d801e21c4a94f181c2ab3a74f) Importer(2089858483,0ecaa5967403d082aa24f35e1b516d23) Generated GUIDs only implemented for interfaces!
 -> (artifact id: '6bd741fd41028a5495c271ba26e4cea8') in 0.019561 seconds
Number of updated asset objects reloaded before import = 0
Number of asset objects unloaded after import = 1
========================================================================
Received Import Request.
  Time since last request: 0.000049 seconds.
  path: Assets/Models/Procedural/L10.fbx
  artifactKey: Guid(12b0aefcef896437ea6353bf70547326) Importer(2089858483,0ecaa5967403d082aa24f35e1b516d23)
Start importing Assets/Models/Procedural/L10.fbx using Guid(12b0aefcef896437ea6353bf70547326) Importer(2089858483,0ecaa5967403d082aa24f35e1b516d23) Generated GUIDs only implemented for interfaces!
 -> (artifact id: '463bc32b5339c0e267140ae4da4a2937') in 0.054553 seconds
Number of updated asset objects reloaded before import = 0
Number of asset objects unloaded after import = 9
========================================================================
Received Import Request.
  Time since last request: 0.000026 seconds.
  path: Assets/LitJson/ParserToken.cs
  artifactKey: Guid(f2c65c88fdd259e43b25cb61c74791ca) Importer(2089858483,0ecaa5967403d082aa24f35e1b516d23)
Start importing Assets/LitJson/ParserToken.cs using Guid(f2c65c88fdd259e43b25cb61c74791ca) Importer(2089858483,0ecaa5967403d082aa24f35e1b516d23) Generated GUIDs only implemented for interfaces!
 -> (artifact id: '39cae6880fa14b053b4de376b632733b') in 0.018680 seconds
Number of updated asset objects reloaded before import = 0
Number of asset objects unloaded after import = 1
========================================================================
Received Import Request.
  Time since last request: 0.000081 seconds.
  path: Assets/Scripts/Interfaces/ITimerEvent.cs
  artifactKey: Guid(96ded504c105c164bae9d1f949415cb3) Importer(2089858483,0ecaa5967403d082aa24f35e1b516d23)
Start importing Assets/Scripts/Interfaces/ITimerEvent.cs using Guid(96ded504c105c164bae9d1f949415cb3) Importer(2089858483,0ecaa5967403d082aa24f35e1b516d23) Generated GUIDs only implemented for interfaces!
 -> (artifact id: 'edcdf0a7d6fe65915c9c608f9b5ca2b5') in 0.018426 seconds
Number of updated asset objects reloaded before import = 0
Number of asset objects unloaded after import = 1
========================================================================
Received Import Request.
  Time since last request: 0.000028 seconds.
  path: Assets/Scripts/Gestures/Gesture.cs
  artifactKey: Guid(4644228101ae7244b98ea543054eb3e3) Importer(2089858483,0ecaa5967403d082aa24f35e1b516d23)
Start importing Assets/Scripts/Gestures/Gesture.cs using Guid(4644228101ae7244b98ea543054eb3e3) Importer(2089858483,0ecaa5967403d082aa24f35e1b516d23) Generated GUIDs only implemented for interfaces!
 -> (artifact id: 'b8cbd1867714d91da265f7dfd9f10c5e') in 0.018825 seconds
Number of updated asset objects reloaded before import = 0
Number of asset objects unloaded after import = 1
========================================================================
Received Import Request.
  Time since last request: 0.000060 seconds.
  path: Assets/Scripts/Triggers/EnemyTouched.cs
  artifactKey: Guid(04ae90ca75c9d98448f8ad36b354630e) Importer(2089858483,0ecaa5967403d082aa24f35e1b516d23)
Start importing Assets/Scripts/Triggers/EnemyTouched.cs using Guid(04ae90ca75c9d98448f8ad36b354630e) Importer(2089858483,0ecaa5967403d082aa24f35e1b516d23) Generated GUIDs only implemented for interfaces!
 -> (artifact id: 'a93a2ac030e42d9054d7d58911199594') in 0.020854 seconds
Number of updated asset objects reloaded before import = 0
Number of asset objects unloaded after import = 1
========================================================================
Received Import Request.
  Time since last request: 0.000080 seconds.
  path: Assets/Scripts/System/FadeOutScript.cs
  artifactKey: Guid(07de3191a3cfcb043a7658a26e93e92c) Importer(2089858483,0ecaa5967403d082aa24f35e1b516d23)
Start importing Assets/Scripts/System/FadeOutScript.cs using Guid(07de3191a3cfcb043a7658a26e93e92c) Importer(2089858483,0ecaa5967403d082aa24f35e1b516d23) Generated GUIDs only implemented for interfaces!
 -> (artifact id: 'c5c5ef946845f4e3f0e93b2fa1323d30') in 0.019237 seconds
Number of updated asset objects reloaded before import = 0
Number of asset objects unloaded after import = 1
========================================================================
Received Import Request.
  Time since last request: 0.000142 seconds.
  path: Assets/Standard Assets (Mobile)/Control Setups/TapControlSetup.unity
  artifactKey: Guid(8639c51f3dbb24cc8a7f94732f73859d) Importer(2089858483,0ecaa5967403d082aa24f35e1b516d23)
Start importing Assets/Standard Assets (Mobile)/Control Setups/TapControlSetup.unity using Guid(8639c51f3dbb24cc8a7f94732f73859d) Importer(2089858483,0ecaa5967403d082aa24f35e1b516d23) Generated GUIDs only implemented for interfaces!
 -> (artifact id: '3a53f7bb9515ec579703ba2b6936906a') in 0.019429 seconds
Number of updated asset objects reloaded before import = 0
Number of asset objects unloaded after import = 1
========================================================================
Received Import Request.
  Time since last request: 0.000058 seconds.
  path: Assets/Scripts/TestScripts/RuleEvaluatorTester.cs
  artifactKey: Guid(5dcf99f634136f14b9278fe6786ef2ad) Importer(2089858483,0ecaa5967403d082aa24f35e1b516d23)
Start importing Assets/Scripts/TestScripts/RuleEvaluatorTester.cs using Guid(5dcf99f634136f14b9278fe6786ef2ad) Importer(2089858483,0ecaa5967403d082aa24f35e1b516d23) Generated GUIDs only implemented for interfaces!
 -> (artifact id: '5853bf8f7e5e4e561c281ad46dfa7bc9') in 0.024379 seconds
Number of updated asset objects reloaded before import = 0
Number of asset objects unloaded after import = 1
========================================================================
Received Import Request.
  Time since last request: 0.000030 seconds.
  path: Assets/Standard Assets (Mobile)/Scripts/FirstPersonControl.js
  artifactKey: Guid(1fdce4427d10e48a0a07774903b01f73) Importer(2089858483,0ecaa5967403d082aa24f35e1b516d23)
Start importing Assets/Standard Assets (Mobile)/Scripts/FirstPersonControl.js using Guid(1fdce4427d10e48a0a07774903b01f73) Importer(2089858483,0ecaa5967403d082aa24f35e1b516d23) Generated GUIDs only implemented for interfaces!
 -> (artifact id: '25b81fae64d1b7149bc612909f049047') in 0.018013 seconds
Number of updated asset objects reloaded before import = 0
Number of asset objects unloaded after import = 1
========================================================================
Received Import Request.
  Time since last request: 0.000044 seconds.
  path: Assets/Scripts/Utils/InfiniteRotation.cs
  artifactKey: Guid(3854d8392665df74388b94b68b53894a) Importer(2089858483,0ecaa5967403d082aa24f35e1b516d23)
Start importing Assets/Scripts/Utils/InfiniteRotation.cs using Guid(3854d8392665df74388b94b68b53894a) Importer(2089858483,0ecaa5967403d082aa24f35e1b516d23) Generated GUIDs only implemented for interfaces!
 -> (artifact id: '66c32d0982a7df0b56babc673814b09f') in 0.021410 seconds
Number of updated asset objects reloaded before import = 0
Number of asset objects unloaded after import = 1
========================================================================
Received Import Request.
  Time since last request: 0.000043 seconds.
  path: Assets/Standard Assets (Mobile)/Prefabs/Single Joystick.prefab
  artifactKey: Guid(0215cddee2d284e9c9bda1dbe42f829c) Importer(2089858483,0ecaa5967403d082aa24f35e1b516d23)
Start importing Assets/Standard Assets (Mobile)/Prefabs/Single Joystick.prefab using Guid(0215cddee2d284e9c9bda1dbe42f829c) Importer(2089858483,0ecaa5967403d082aa24f35e1b516d23) Generated GUIDs only implemented for interfaces!
 -> (artifact id: '6ff4f9187e2de7147381c39d5fd82678') in 0.022587 seconds
Number of updated asset objects reloaded before import = 0
Number of asset objects unloaded after import = 5
========================================================================
Received Import Request.
  Time since last request: 0.000018 seconds.
  path: Assets/Standard Assets (Mobile)/Materials/grid.mat
  artifactKey: Guid(5317f3e76581f4165b16ede5caa5f14b) Importer(2089858483,0ecaa5967403d082aa24f35e1b516d23)
Start importing Assets/Standard Assets (Mobile)/Materials/grid.mat using Guid(5317f3e76581f4165b16ede5caa5f14b) Importer(2089858483,0ecaa5967403d082aa24f35e1b516d23) Generated GUIDs only implemented for interfaces!
 -> (artifact id: '098fede48b58480515ce3e84a2f5871f') in 0.026062 seconds
Number of updated asset objects reloaded before import = 0
Number of asset objects unloaded after import = 2
========================================================================
Received Import Request.
  Time since last request: 0.000043 seconds.
  path: Assets/Scripts/Triggers/CreditSetting.cs
  artifactKey: Guid(b08e4298d6ceb47f09771a00556d6097) Importer(2089858483,0ecaa5967403d082aa24f35e1b516d23)
Start importing Assets/Scripts/Triggers/CreditSetting.cs using Guid(b08e4298d6ceb47f09771a00556d6097) Importer(2089858483,0ecaa5967403d082aa24f35e1b516d23) Generated GUIDs only implemented for interfaces!
 -> (artifact id: '6ea7c9dbf34f465bd4d6a1ad33688a0a') in 0.021305 seconds
Number of updated asset objects reloaded before import = 0
Number of asset objects unloaded after import = 1
========================================================================
Received Import Request.
  Time since last request: 0.000018 seconds.
  path: Assets/Standard Assets (Mobile)/Control Setups/CameraRelativeSetup.unity
  artifactKey: Guid(cb1deda9a5ffe44f28e011f5937746ed) Importer(2089858483,0ecaa5967403d082aa24f35e1b516d23)
Start importing Assets/Standard Assets (Mobile)/Control Setups/CameraRelativeSetup.unity using Guid(cb1deda9a5ffe44f28e011f5937746ed) Importer(2089858483,0ecaa5967403d082aa24f35e1b516d23) Generated GUIDs only implemented for interfaces!
 -> (artifact id: '4ad4e6205dd148284e9969271ab60ae2') in 0.017954 seconds
Number of updated asset objects reloaded before import = 0
Number of asset objects unloaded after import = 1
========================================================================
Received Import Request.
  Time since last request: 0.000159 seconds.
  path: Assets/Standard Assets (Mobile)/Prefabs/TapToMove Controls.prefab
  artifactKey: Guid(bcf1704da4dcf4ca7be0acf40020b0c4) Importer(2089858483,0ecaa5967403d082aa24f35e1b516d23)
Start importing Assets/Standard Assets (Mobile)/Prefabs/TapToMove Controls.prefab using Guid(bcf1704da4dcf4ca7be0acf40020b0c4) Importer(2089858483,0ecaa5967403d082aa24f35e1b516d23) Generated GUIDs only implemented for interfaces!
 -> (artifact id: '28c9c2bf2cf0fc5406121b241fd6d72f') in 0.020790 seconds
Number of updated asset objects reloaded before import = 0
Number of asset objects unloaded after import = 25
========================================================================
Received Import Request.
  Time since last request: 0.000033 seconds.
  path: Assets/Scripts/Produral Platformer/LevelPieceTypes.cs
  artifactKey: Guid(b1f3c36fb1d7c4cc7a70d8027ac424f7) Importer(2089858483,0ecaa5967403d082aa24f35e1b516d23)
Start importing Assets/Scripts/Produral Platformer/LevelPieceTypes.cs using Guid(b1f3c36fb1d7c4cc7a70d8027ac424f7) Importer(2089858483,0ecaa5967403d082aa24f35e1b516d23) Generated GUIDs only implemented for interfaces!
 -> (artifact id: '830c61ea9e44660f4d4715457ad1e6d2') in 0.021567 seconds
Number of updated asset objects reloaded before import = 0
Number of asset objects unloaded after import = 1
========================================================================
Received Import Request.
  Time since last request: 0.000126 seconds.
  path: Assets/Scripts/Triggers/CreditTouched.cs
  artifactKey: Guid(363bc500c3540a64aaab9747010ac3b0) Importer(2089858483,0ecaa5967403d082aa24f35e1b516d23)
Start importing Assets/Scripts/Triggers/CreditTouched.cs using Guid(363bc500c3540a64aaab9747010ac3b0) Importer(2089858483,0ecaa5967403d082aa24f35e1b516d23) Generated GUIDs only implemented for interfaces!
 -> (artifact id: 'ee2b9f68d2dc136eff9d46cc2917ac59') in 0.023277 seconds
Number of updated asset objects reloaded before import = 0
Number of asset objects unloaded after import = 1
========================================================================
Received Import Request.
  Time since last request: 0.000068 seconds.
  path: Assets/Standard Assets (Mobile)/Prefabs/First Person Tilt Controls.prefab
  artifactKey: Guid(8d25458fdca034e36a127e4b135a0206) Importer(2089858483,0ecaa5967403d082aa24f35e1b516d23)
Start importing Assets/Standard Assets (Mobile)/Prefabs/First Person Tilt Controls.prefab using Guid(8d25458fdca034e36a127e4b135a0206) Importer(2089858483,0ecaa5967403d082aa24f35e1b516d23) Generated GUIDs only implemented for interfaces!
 -> (artifact id: '6eab02f6dd2b611b0a8d6fe713700fe5') in 0.026633 seconds
Number of updated asset objects reloaded before import = 0
Number of asset objects unloaded after import = 21
========================================================================
Received Import Request.
  Time since last request: 0.000025 seconds.
  path: Assets/Scripts/System/AudioFader.cs
  artifactKey: Guid(bc232ab2469f3c8458ee8cecb8cb33cd) Importer(2089858483,0ecaa5967403d082aa24f35e1b516d23)
Start importing Assets/Scripts/System/AudioFader.cs using Guid(bc232ab2469f3c8458ee8cecb8cb33cd) Importer(2089858483,0ecaa5967403d082aa24f35e1b516d23) Generated GUIDs only implemented for interfaces!
 -> (artifact id: '2f4c57fb2023caf401e94941f21ff985') in 0.021254 seconds
Number of updated asset objects reloaded before import = 0
Number of asset objects unloaded after import = 1
========================================================================
Received Import Request.
  Time since last request: 0.000063 seconds.
  path: Assets/Scripts/Utils/LoadSecretLevel.cs
  artifactKey: Guid(7b67a8f0a7c3e4d929ea64d8bae74542) Importer(2089858483,0ecaa5967403d082aa24f35e1b516d23)
Start importing Assets/Scripts/Utils/LoadSecretLevel.cs using Guid(7b67a8f0a7c3e4d929ea64d8bae74542) Importer(2089858483,0ecaa5967403d082aa24f35e1b516d23) Generated GUIDs only implemented for interfaces!
 -> (artifact id: 'cf144f7ceb56cac5aadc2be4282785c8') in 0.021022 seconds
Number of updated asset objects reloaded before import = 0
Number of asset objects unloaded after import = 1
========================================================================
Received Import Request.
  Time since last request: 0.000044 seconds.
  path: Assets/Scripts/Utils/GlobalEventManager.cs
  artifactKey: Guid(a7bf0c21dea23874b8d384440a36d4b7) Importer(2089858483,0ecaa5967403d082aa24f35e1b516d23)
Start importing Assets/Scripts/Utils/GlobalEventManager.cs using Guid(a7bf0c21dea23874b8d384440a36d4b7) Importer(2089858483,0ecaa5967403d082aa24f35e1b516d23) Generated GUIDs only implemented for interfaces!
 -> (artifact id: '0a571a976194c1b5edaa68efb1d2793f') in 0.025539 seconds
Number of updated asset objects reloaded before import = 0
Number of asset objects unloaded after import = 1
========================================================================
Received Import Request.
  Time since last request: 0.000047 seconds.
  path: Assets/Scripts/Rule Evaluator/CreditsCapturedRule.cs
  artifactKey: Guid(752a8990114ff414c88df625403f2bb2) Importer(2089858483,0ecaa5967403d082aa24f35e1b516d23)
Start importing Assets/Scripts/Rule Evaluator/CreditsCapturedRule.cs using Guid(752a8990114ff414c88df625403f2bb2) Importer(2089858483,0ecaa5967403d082aa24f35e1b516d23) Generated GUIDs only implemented for interfaces!
 -> (artifact id: 'bca28f673870f2ada3bc0d773af0be92') in 0.025655 seconds
Number of updated asset objects reloaded before import = 0
Number of asset objects unloaded after import = 1
========================================================================
Received Import Request.
  Time since last request: 0.000028 seconds.
  path: Assets/Models/Procedural/LevelPiece.cs
  artifactKey: Guid(b4443317cf69f4f65923781d5f4a7261) Importer(2089858483,0ecaa5967403d082aa24f35e1b516d23)
Start importing Assets/Models/Procedural/LevelPiece.cs using Guid(b4443317cf69f4f65923781d5f4a7261) Importer(2089858483,0ecaa5967403d082aa24f35e1b516d23) Generated GUIDs only implemented for interfaces!
 -> (artifact id: '9880069c887dd445b7cc8b22f5735af7') in 0.027093 seconds
Number of updated asset objects reloaded before import = 0
Number of asset objects unloaded after import = 1
========================================================================
Received Import Request.
  Time since last request: 0.000060 seconds.
  path: Assets/Models/Procedural/ProduralPlatformerConnector.cs
  artifactKey: Guid(6e341c3736b274d7d8cf1268e9c6330c) Importer(2089858483,0ecaa5967403d082aa24f35e1b516d23)
Start importing Assets/Models/Procedural/ProduralPlatformerConnector.cs using Guid(6e341c3736b274d7d8cf1268e9c6330c) Importer(2089858483,0ecaa5967403d082aa24f35e1b516d23) Generated GUIDs only implemented for interfaces!
 -> (artifact id: '8b1630b99623dc3cbd2ea811dada101b') in 0.026682 seconds
Number of updated asset objects reloaded before import = 0
Number of asset objects unloaded after import = 1
========================================================================
Received Import Request.
  Time since last request: 0.000202 seconds.
  path: Assets/Models/hero@sprint.fbx
  artifactKey: Guid(66b6951c74a0a40ac98c32a984b50b4d) Importer(2089858483,0ecaa5967403d082aa24f35e1b516d23)
Start importing Assets/Models/hero@sprint.fbx using Guid(66b6951c74a0a40ac98c32a984b50b4d) Importer(2089858483,0ecaa5967403d082aa24f35e1b516d23) Generated GUIDs only implemented for interfaces!
 -> (artifact id: '6d1d03f880d633f2f70f3be481162aae') in 0.064644 seconds
Number of updated asset objects reloaded before import = 0
Number of asset objects unloaded after import = 112
========================================================================
Received Import Request.
  Time since last request: 0.000035 seconds.
  path: Assets/Scripts/Controllers/LevelRulesControllers/DummyWinRule.cs
  artifactKey: Guid(44ba3aea12b04d5488d72764bb762aaa) Importer(2089858483,0ecaa5967403d082aa24f35e1b516d23)
Start importing Assets/Scripts/Controllers/LevelRulesControllers/DummyWinRule.cs using Guid(44ba3aea12b04d5488d72764bb762aaa) Importer(2089858483,0ecaa5967403d082aa24f35e1b516d23) Generated GUIDs only implemented for interfaces!
 -> (artifact id: '907c04d628a953fbc935219308c798b3') in 0.023217 seconds
Number of updated asset objects reloaded before import = 0
Number of asset objects unloaded after import = 1
========================================================================
Received Import Request.
  Time since last request: 0.000031 seconds.
  path: Assets/Standard Assets (Mobile)/Textures/grid.psd
  artifactKey: Guid(8b23c9e3952e246c180a8080104ae60b) Importer(2089858483,0ecaa5967403d082aa24f35e1b516d23)
Start importing Assets/Standard Assets (Mobile)/Textures/grid.psd using Guid(8b23c9e3952e246c180a8080104ae60b) Importer(2089858483,0ecaa5967403d082aa24f35e1b516d23) Generated GUIDs only implemented for interfaces!
 -> (artifact id: 'c5d4e1e5f9734213ee4fe90b787d5548') in 0.056996 seconds
Number of updated asset objects reloaded before import = 0
Number of asset objects unloaded after import = 1
========================================================================
Received Import Request.
  Time since last request: 0.000033 seconds.
  path: Assets/Models/PlatformerModels/YType/ytype_wreck.fbx
  artifactKey: Guid(6e34d360c71c042ae9ff07bbe9ac77c2) Importer(2089858483,0ecaa5967403d082aa24f35e1b516d23)
Start importing Assets/Models/PlatformerModels/YType/ytype_wreck.fbx using Guid(6e34d360c71c042ae9ff07bbe9ac77c2) Importer(2089858483,0ecaa5967403d082aa24f35e1b516d23) Generated GUIDs only implemented for interfaces!
 -> (artifact id: '097a011bfe2304230bfd09d3f168ff23') in 0.049854 seconds
Number of updated asset objects reloaded before import = 0
Number of asset objects unloaded after import = 8
========================================================================
Received Import Request.
  Time since last request: 0.000316 seconds.
  path: Assets/Standard Assets (Mobile)/Shaders/Miscellaneous Shaders/Mobile Background.shader
  artifactKey: Guid(c494c890ec8664fd9aa7d66ebfa1a7e6) Importer(2089858483,0ecaa5967403d082aa24f35e1b516d23)
Start importing Assets/Standard Assets (Mobile)/Shaders/Miscellaneous Shaders/Mobile Background.shader using Guid(c494c890ec8664fd9aa7d66ebfa1a7e6) Importer(2089858483,0ecaa5967403d082aa24f35e1b516d23) Generated GUIDs only implemented for interfaces!
 -> (artifact id: 'd0f55b5995ca94afd74fe94854c9e79d') in 0.028558 seconds
Number of updated asset objects reloaded before import = 0
Number of asset objects unloaded after import = 1
========================================================================
Received Import Request.
  Time since last request: 0.000104 seconds.
  path: Assets/Standard Assets (Mobile)/Scripts/ZoomCamera.js
  artifactKey: Guid(01049279b64ae427f91486bbcea77beb) Importer(2089858483,0ecaa5967403d082aa24f35e1b516d23)
Start importing Assets/Standard Assets (Mobile)/Scripts/ZoomCamera.js using Guid(01049279b64ae427f91486bbcea77beb) Importer(2089858483,0ecaa5967403d082aa24f35e1b516d23) Generated GUIDs only implemented for interfaces!
 -> (artifact id: '8a9943c9b51c69d95b67a5f2c1704861') in 0.019449 seconds
Number of updated asset objects reloaded before import = 0
Number of asset objects unloaded after import = 1
========================================================================
Received Import Request.
  Time since last request: 0.000095 seconds.
  path: Assets/Scripts/SceneScripts/PlatformLevels/FireTrigger.cs
  artifactKey: Guid(0b328c9b52a7a6e448dbff52ec463e06) Importer(2089858483,0ecaa5967403d082aa24f35e1b516d23)
Start importing Assets/Scripts/SceneScripts/PlatformLevels/FireTrigger.cs using Guid(0b328c9b52a7a6e448dbff52ec463e06) Importer(2089858483,0ecaa5967403d082aa24f35e1b516d23) Generated GUIDs only implemented for interfaces!
 -> (artifact id: '9b911a8dd9e62c64f162288b1dd355ae') in 0.019940 seconds
Number of updated asset objects reloaded before import = 0
Number of asset objects unloaded after import = 1
========================================================================
Received Import Request.
  Time since last request: 0.000100 seconds.
  path: Assets/Standard Assets (Mobile)/Textures/ThumbAreaLeft.psd
  artifactKey: Guid(400c2f66c145548b6a08e6ac69655ea2) Importer(2089858483,0ecaa5967403d082aa24f35e1b516d23)
Start importing Assets/Standard Assets (Mobile)/Textures/ThumbAreaLeft.psd using Guid(400c2f66c145548b6a08e6ac69655ea2) Importer(2089858483,0ecaa5967403d082aa24f35e1b516d23) Generated GUIDs only implemented for interfaces!
 -> (artifact id: '19b6c1201aa0bf78f8ffb21974d7509e') in 0.050728 seconds
Number of updated asset objects reloaded before import = 0
Number of asset objects unloaded after import = 1
========================================================================
Received Import Request.
  Time since last request: 0.000033 seconds.
  path: Assets/Scripts/SceneScripts/PlatformLevels/EndDialog.cs
  artifactKey: Guid(078ebc3708f86d745ba3b4a8f1da392c) Importer(2089858483,0ecaa5967403d082aa24f35e1b516d23)
Start importing Assets/Scripts/SceneScripts/PlatformLevels/EndDialog.cs using Guid(078ebc3708f86d745ba3b4a8f1da392c) Importer(2089858483,0ecaa5967403d082aa24f35e1b516d23) Generated GUIDs only implemented for interfaces!
 -> (artifact id: 'c06a07bd3eb4b91ab14e2985585301aa') in 0.020044 seconds
Number of updated asset objects reloaded before import = 0
Number of asset objects unloaded after import = 1
========================================================================
Received Import Request.
  Time since last request: 0.000063 seconds.
  path: Assets/Models/PlatformerModels/Materials/unnamed.mat
  artifactKey: Guid(1ee8b72d0ea0cf4409e81f5bb392d970) Importer(2089858483,0ecaa5967403d082aa24f35e1b516d23)
Start importing Assets/Models/PlatformerModels/Materials/unnamed.mat using Guid(1ee8b72d0ea0cf4409e81f5bb392d970) Importer(2089858483,0ecaa5967403d082aa24f35e1b516d23) Generated GUIDs only implemented for interfaces!
 -> (artifact id: '3c2488ebd65ff3da1b2fbdc04d840098') in 0.024660 seconds
Number of updated asset objects reloaded before import = 0
Number of asset objects unloaded after import = 1
========================================================================
Received Import Request.
  Time since last request: 0.000032 seconds.
  path: Assets/Models/PlatformerModels/YType/Materials/ytype_texture_fixed.mat
  artifactKey: Guid(629fe794bbdece147a0707e61792ebf7) Importer(2089858483,0ecaa5967403d082aa24f35e1b516d23)
Start importing Assets/Models/PlatformerModels/YType/Materials/ytype_texture_fixed.mat using Guid(629fe794bbdece147a0707e61792ebf7) Importer(2089858483,0ecaa5967403d082aa24f35e1b516d23) Generated GUIDs only implemented for interfaces!
 -> (artifact id: '51e88e116b89e3784c2c38a5691309ce') in 0.022105 seconds
Number of updated asset objects reloaded before import = 0
Number of asset objects unloaded after import = 2
========================================================================
Received Import Request.
  Time since last request: 0.000032 seconds.
  path: Assets/Scripts/SceneScripts/PlatformLevels/QuetzaChaseAndAttack.cs
  artifactKey: Guid(4e07b7b56b497804daea352d6c2ac2e9) Importer(2089858483,0ecaa5967403d082aa24f35e1b516d23)
Start importing Assets/Scripts/SceneScripts/PlatformLevels/QuetzaChaseAndAttack.cs using Guid(4e07b7b56b497804daea352d6c2ac2e9) Importer(2089858483,0ecaa5967403d082aa24f35e1b516d23) Generated GUIDs only implemented for interfaces!
 -> (artifact id: '92c79023d3b306108938778111b29975') in 0.021551 seconds
Number of updated asset objects reloaded before import = 0
Number of asset objects unloaded after import = 1
========================================================================
Received Import Request.
  Time since last request: 0.000172 seconds.
  path: Assets/Standard Assets (Mobile)/Scripts/SmoothFollow2D.js
  artifactKey: Guid(8947ae06ca3df4fcc9786140c1d86f15) Importer(2089858483,0ecaa5967403d082aa24f35e1b516d23)
Start importing Assets/Standard Assets (Mobile)/Scripts/SmoothFollow2D.js using Guid(8947ae06ca3df4fcc9786140c1d86f15) Importer(2089858483,0ecaa5967403d082aa24f35e1b516d23) Generated GUIDs only implemented for interfaces!
 -> (artifact id: '3730bb0c5c1d7c0bac9c70e7045bdce6') in 0.020341 seconds
Number of updated asset objects reloaded before import = 0
Number of asset objects unloaded after import = 1
========================================================================
Received Import Request.
  Time since last request: 0.000043 seconds.
  path: Assets/Standard Assets (Mobile)/Shaders/Vertex Colored Shaders/Mobile Transparent Vertex Color.shader
  artifactKey: Guid(e1f50dc041f1545edbb228f8daea22a1) Importer(2089858483,0ecaa5967403d082aa24f35e1b516d23)
Start importing Assets/Standard Assets (Mobile)/Shaders/Vertex Colored Shaders/Mobile Transparent Vertex Color.shader using Guid(e1f50dc041f1545edbb228f8daea22a1) Importer(2089858483,0ecaa5967403d082aa24f35e1b516d23) Generated GUIDs only implemented for interfaces!
 -> (artifact id: 'ce0b8b4bad8473679aaa62322c9a79ab') in 0.024879 seconds
Number of updated asset objects reloaded before import = 0
Number of asset objects unloaded after import = 1
========================================================================
Received Import Request.
  Time since last request: 0.000032 seconds.
  path: Assets/Scripts/SceneScripts/PlatformLevels/EndCredits.txt
  artifactKey: Guid(8cf69938127f8d64b845695884fcbda7) Importer(2089858483,0ecaa5967403d082aa24f35e1b516d23)
Start importing Assets/Scripts/SceneScripts/PlatformLevels/EndCredits.txt using Guid(8cf69938127f8d64b845695884fcbda7) Importer(2089858483,0ecaa5967403d082aa24f35e1b516d23) Generated GUIDs only implemented for interfaces!
 -> (artifact id: '0da83563a811ebf23e5ecf2d72a32311') in 0.015432 seconds
Number of updated asset objects reloaded before import = 0
Number of asset objects unloaded after import = 1
========================================================================
Received Import Request.
  Time since last request: 0.000054 seconds.
  path: Assets/Scripts/Controllers/SceneControllers/ExitSelection.cs
  artifactKey: Guid(43fa18370be104563bb4ea9db0d396d2) Importer(2089858483,0ecaa5967403d082aa24f35e1b516d23)
Start importing Assets/Scripts/Controllers/SceneControllers/ExitSelection.cs using Guid(43fa18370be104563bb4ea9db0d396d2) Importer(2089858483,0ecaa5967403d082aa24f35e1b516d23) Generated GUIDs only implemented for interfaces!
 -> (artifact id: 'e38d52341b19331fa9f0c34f097e2f1d') in 0.020715 seconds
Number of updated asset objects reloaded before import = 0
Number of asset objects unloaded after import = 1
========================================================================
Received Import Request.
  Time since last request: 0.000018 seconds.
  path: Assets/Models/Procedural/ProceduralPlatform.prefab
  artifactKey: Guid(d5822aa19bac3495499f50961a2d4eae) Importer(2089858483,0ecaa5967403d082aa24f35e1b516d23)
Start importing Assets/Models/Procedural/ProceduralPlatform.prefab using Guid(d5822aa19bac3495499f50961a2d4eae) Importer(2089858483,0ecaa5967403d082aa24f35e1b516d23) Generated GUIDs only implemented for interfaces!
 -> (artifact id: '42133945cb2ecef00631b50a2462e8e1') in 0.051030 seconds
Number of updated asset objects reloaded before import = 0
Number of asset objects unloaded after import = 594
========================================================================
Received Import Request.
  Time since last request: 0.000041 seconds.
  path: Assets/Scripts/GUI/ScaleManager.cs
  artifactKey: Guid(5ac2fdfba0a1b7741b9f83ff0f2bc2f1) Importer(2089858483,0ecaa5967403d082aa24f35e1b516d23)
Start importing Assets/Scripts/GUI/ScaleManager.cs using Guid(5ac2fdfba0a1b7741b9f83ff0f2bc2f1) Importer(2089858483,0ecaa5967403d082aa24f35e1b516d23) Generated GUIDs only implemented for interfaces!
 -> (artifact id: '30779797bb5896be26c96f93e1ba9f51') in 0.020226 seconds
Number of updated asset objects reloaded before import = 0
Number of asset objects unloaded after import = 1
========================================================================
Received Import Request.
  Time since last request: 0.000207 seconds.
  path: Assets/Models/Procedural/L07.fbx
  artifactKey: Guid(8e9afff32829042ebb44d75a8b4bac58) Importer(2089858483,0ecaa5967403d082aa24f35e1b516d23)
Start importing Assets/Models/Procedural/L07.fbx using Guid(8e9afff32829042ebb44d75a8b4bac58) Importer(2089858483,0ecaa5967403d082aa24f35e1b516d23) Generated GUIDs only implemented for interfaces!
 -> (artifact id: '5a808f57bde0260c29b59347cddc8475') in 0.050410 seconds
Number of updated asset objects reloaded before import = 0
Number of asset objects unloaded after import = 9
========================================================================
Received Import Request.
  Time since last request: 0.000024 seconds.
  path: Assets/Textures/checker.png
  artifactKey: Guid(ec42f9405a90f40608f7d34a5c09c24d) Importer(2089858483,0ecaa5967403d082aa24f35e1b516d23)
Start importing Assets/Textures/checker.png using Guid(ec42f9405a90f40608f7d34a5c09c24d) Importer(2089858483,0ecaa5967403d082aa24f35e1b516d23) Generated GUIDs only implemented for interfaces!
 -> (artifact id: '1a03ba59a3894557efe7992e950f19cb') in 0.055175 seconds
Number of updated asset objects reloaded before import = 0
Number of asset objects unloaded after import = 1
========================================================================
Received Import Request.
  Time since last request: 0.000070 seconds.
  path: Assets/Scripts/Enums/CharDirecctions.cs
  artifactKey: Guid(9d4bddfa00bf34efcbce0c433fe692a0) Importer(2089858483,0ecaa5967403d082aa24f35e1b516d23)
Start importing Assets/Scripts/Enums/CharDirecctions.cs using Guid(9d4bddfa00bf34efcbce0c433fe692a0) Importer(2089858483,0ecaa5967403d082aa24f35e1b516d23) Generated GUIDs only implemented for interfaces!
 -> (artifact id: '0877080c25d0ce3ef8804af94ce150b4') in 0.019647 seconds
Number of updated asset objects reloaded before import = 0
Number of asset objects unloaded after import = 1
========================================================================
Received Import Request.
  Time since last request: 0.000061 seconds.
  path: Assets/Scripts/Controllers/TransitionController.cs
  artifactKey: Guid(607b05317ec2ece449f92b2014d31b2b) Importer(2089858483,0ecaa5967403d082aa24f35e1b516d23)
Start importing Assets/Scripts/Controllers/TransitionController.cs using Guid(607b05317ec2ece449f92b2014d31b2b) Importer(2089858483,0ecaa5967403d082aa24f35e1b516d23) Generated GUIDs only implemented for interfaces!
 -> (artifact id: '068d267c291011779882584291a5efc2') in 0.021974 seconds
Number of updated asset objects reloaded before import = 0
Number of asset objects unloaded after import = 1
========================================================================
Received Import Request.
  Time since last request: 0.000025 seconds.
  path: Assets/Materials/m_AndyTrialRender.mat
  artifactKey: Guid(124d403c5b4bc4fb286f7e38437b5e8c) Importer(2089858483,0ecaa5967403d082aa24f35e1b516d23)
Start importing Assets/Materials/m_AndyTrialRender.mat using Guid(124d403c5b4bc4fb286f7e38437b5e8c) Importer(2089858483,0ecaa5967403d082aa24f35e1b516d23) Generated GUIDs only implemented for interfaces!
 -> (artifact id: '44deb14dcc8a95093144179c7828980f') in 0.026579 seconds
Number of updated asset objects reloaded before import = 0
Number of asset objects unloaded after import = 2
========================================================================
Received Import Request.
  Time since last request: 0.000025 seconds.
  path: Assets/Models/hero@slide.fbx
  artifactKey: Guid(d93120c0fcc4a4497ad52fe8af7e9df8) Importer(2089858483,0ecaa5967403d082aa24f35e1b516d23)
Start importing Assets/Models/hero@slide.fbx using Guid(d93120c0fcc4a4497ad52fe8af7e9df8) Importer(2089858483,0ecaa5967403d082aa24f35e1b516d23) Generated GUIDs only implemented for interfaces!
 -> (artifact id: '5dc8a067ca31c2924fa27cfb84ce5aae') in 0.060271 seconds
Number of updated asset objects reloaded before import = 0
Number of asset objects unloaded after import = 112
========================================================================
Received Import Request.
  Time since last request: 0.000030 seconds.
  path: Assets/Prefabs/credit.prefab
  artifactKey: Guid(a0458c62edc3c4a46bfd13013a93a0d7) Importer(2089858483,0ecaa5967403d082aa24f35e1b516d23)
Start importing Assets/Prefabs/credit.prefab using Guid(a0458c62edc3c4a46bfd13013a93a0d7) Importer(2089858483,0ecaa5967403d082aa24f35e1b516d23) Generated GUIDs only implemented for interfaces!
 -> (artifact id: '3bd683a7aaabb33fb6171eba4c5f13e8') in 0.029817 seconds
Number of updated asset objects reloaded before import = 0
Number of asset objects unloaded after import = 8
========================================================================
Received Import Request.
  Time since last request: 0.000030 seconds.
  path: Assets/Models/Procedural/unnamed.mat
  artifactKey: Guid(96b825075242a404f989c8857aa0ba4d) Importer(2089858483,0ecaa5967403d082aa24f35e1b516d23)
Start importing Assets/Models/Procedural/unnamed.mat using Guid(96b825075242a404f989c8857aa0ba4d) Importer(2089858483,0ecaa5967403d082aa24f35e1b516d23) Generated GUIDs only implemented for interfaces!
 -> (artifact id: '37400de73d1ea33ff56a3baab0121ad8') in 0.024893 seconds
Number of updated asset objects reloaded before import = 0
Number of asset objects unloaded after import = 2
========================================================================
Received Import Request.
  Time since last request: 0.000025 seconds.
  path: Assets/Scripts/Controllers/AnimationEventHandler.cs
  artifactKey: Guid(a4685de6cde2df94cb20da8abab170c9) Importer(2089858483,0ecaa5967403d082aa24f35e1b516d23)
Start importing Assets/Scripts/Controllers/AnimationEventHandler.cs using Guid(a4685de6cde2df94cb20da8abab170c9) Importer(2089858483,0ecaa5967403d082aa24f35e1b516d23) Generated GUIDs only implemented for interfaces!
 -> (artifact id: '42625054518dc79d07538bf381b24c7b') in 0.022047 seconds
Number of updated asset objects reloaded before import = 0
Number of asset objects unloaded after import = 1
========================================================================
Received Import Request.
  Time since last request: 0.000083 seconds.
  path: Assets/Models/hero@doublejump.fbx
  artifactKey: Guid(f18c6dc098c30455ba72907399e46479) Importer(2089858483,0ecaa5967403d082aa24f35e1b516d23)
Start importing Assets/Models/hero@doublejump.fbx using Guid(f18c6dc098c30455ba72907399e46479) Importer(2089858483,0ecaa5967403d082aa24f35e1b516d23) Generated GUIDs only implemented for interfaces!
 -> (artifact id: '6707f9fc469afdd88038de08e4567508') in 0.055286 seconds
Number of updated asset objects reloaded before import = 0
Number of asset objects unloaded after import = 112
========================================================================
Received Import Request.
  Time since last request: 0.000380 seconds.
  path: Assets/Models/credit.fbx
  artifactKey: Guid(53aaf14a929b92c4c9b902a404e8beb2) Importer(2089858483,0ecaa5967403d082aa24f35e1b516d23)
Start importing Assets/Models/credit.fbx using Guid(53aaf14a929b92c4c9b902a404e8beb2) Importer(2089858483,0ecaa5967403d082aa24f35e1b516d23) Generated GUIDs only implemented for interfaces!
 -> (artifact id: '6f9f9fbb9868f6bcc124361692b8be73') in 0.054601 seconds
Number of updated asset objects reloaded before import = 0
Number of asset objects unloaded after import = 8
========================================================================
Received Import Request.
  Time since last request: 0.000021 seconds.
  path: Assets/Models/PlatformerModels/testLevel.fbx
  artifactKey: Guid(4684ccf3b612943faac5bfe60cc58057) Importer(2089858483,0ecaa5967403d082aa24f35e1b516d23)
Start importing Assets/Models/PlatformerModels/testLevel.fbx using Guid(4684ccf3b612943faac5bfe60cc58057) Importer(2089858483,0ecaa5967403d082aa24f35e1b516d23) Generated GUIDs only implemented for interfaces!
 -> (artifact id: '1656b75219648ca7b3963ed3d9fbf790') in 0.079941 seconds
Number of updated asset objects reloaded before import = 0
Number of asset objects unloaded after import = 60
========================================================================
Received Import Request.
  Time since last request: 0.000044 seconds.
  path: Assets/Textures/GUI/arrow.png
  artifactKey: Guid(afeb2bd10692c43e49497faea58e20e0) Importer(2089858483,0ecaa5967403d082aa24f35e1b516d23)
Start importing Assets/Textures/GUI/arrow.png using Guid(afeb2bd10692c43e49497faea58e20e0) Importer(2089858483,0ecaa5967403d082aa24f35e1b516d23) Generated GUIDs only implemented for interfaces!
 -> (artifact id: '542243e88ad70673fe4e10cbec6ddf09') in 0.060608 seconds
Number of updated asset objects reloaded before import = 0
Number of asset objects unloaded after import = 1
Editor requested this worker to shutdown with reason: Scaling down because of idle timeout
TcpMessagingSession - receive error: operation aborted. errorcode: 995, details: The I/O operation has been aborted because of either a thread exit or an application request.
AssetImportWorker is now disconnected from the server
Process exiting
Exiting without the bug reporter. Application will terminate with return code 0